This file contains any messages produced by compilers while
running configure, to aid debugging if configure makes a mistake.

It was created by configure, which was
generated by GNU Autoconf 2.69.  Invocation command line was

  $ ./configure --with-mecab-config=/usr/bin/mecab-config --with-charset=utf8

## --------- ##
## Platform. ##
## --------- ##

hostname = ubuntu-bionic
uname -m = x86_64
uname -r = 4.15.0-65-generic
uname -s = Linux
uname -v = #74-Ubuntu SMP Tue Sep 17 17:06:04 UTC 2019

/usr/bin/uname -p = unknown
/bin/uname -X     = unknown

/bin/arch              = unknown
/usr/bin/arch -k       = unknown
/usr/convex/getsysinfo = unknown
/usr/bin/hostinfo      = unknown
/bin/machine           = unknown
/usr/bin/oslevel       = unknown
/bin/universe          = unknown

PATH: /home/vagrant/.rbenv/shims
PATH: /home/vagrant/.rbenv/bin
PATH: /usr/local/sbin
PATH: /usr/local/bin
PATH: /usr/sbin
PATH: /usr/bin
PATH: /sbin
PATH: /bin
PATH: /usr/games
PATH: /usr/local/games
PATH: /snap/bin


## ----------- ##
## Core tests. ##
## ----------- ##

configure:2656: checking for a BSD-compatible install
configure:2724: result: /usr/bin/install -c
configure:2735: checking whether build environment is sane
configure:2790: result: yes
configure:2941: checking for a thread-safe mkdir -p
configure:2980: result: /bin/mkdir -p
configure:2987: checking for gawk
configure:3003: found /usr/bin/gawk
configure:3014: result: gawk
configure:3025: checking whether make sets $(MAKE)
configure:3047: result: yes
configure:3076: checking whether make supports nested variables
configure:3093: result: yes
configure:3220: checking whether to enable maintainer-specific portions of Makefiles
configure:3229: result: no
configure:3304: checking for gcc
configure:3320: found /usr/bin/gcc
configure:3331: result: gcc
configure:3560: checking for C compiler version
configure:3569: gcc --version >&5
gcc (Ubuntu 7.4.0-1ubuntu1~18.04.1) 7.4.0
Copyright (C) 2017 Free Software Foundation, Inc.
This is free software; see the source for copying conditions.  There is NO
warranty; not even for MERCHANTABILITY or FITNESS FOR A PARTICULAR PURPOSE.

configure:3580: $? = 0
configure:3569: gcc -v >&5
Using built-in specs.
COLLECT_GCC=gcc
COLLECT_LTO_WRAPPER=/usr/lib/gcc/x86_64-linux-gnu/7/lto-wrapper
OFFLOAD_TARGET_NAMES=nvptx-none
OFFLOAD_TARGET_DEFAULT=1
Target: x86_64-linux-gnu
Configured with: ../src/configure -v --with-pkgversion='Ubuntu 7.4.0-1ubuntu1~18.04.1' --with-bugurl=file:///usr/share/doc/gcc-7/README.Bugs --enable-languages=c,ada,c++,go,brig,d,fortran,objc,obj-c++ --prefix=/usr --with-gcc-major-version-only --program-suffix=-7 --program-prefix=x86_64-linux-gnu- --enable-shared --enable-linker-build-id --libexecdir=/usr/lib --without-included-gettext --enable-threads=posix --libdir=/usr/lib --enable-nls --with-sysroot=/ --enable-clocale=gnu --enable-libstdcxx-debug --enable-libstdcxx-time=yes --with-default-libstdcxx-abi=new --enable-gnu-unique-object --disable-vtable-verify --enable-libmpx --enable-plugin --enable-default-pie --with-system-zlib --with-target-system-zlib --enable-objc-gc=auto --enable-multiarch --disable-werror --with-arch-32=i686 --with-abi=m64 --with-multilib-list=m32,m64,mx32 --enable-multilib --with-tune=generic --enable-offload-targets=nvptx-none --without-cuda-driver --enable-checking=release --build=x86_64-linux-gnu --host=x86_64-linux-gnu --target=x86_64-linux-gnu
Thread model: posix
gcc version 7.4.0 (Ubuntu 7.4.0-1ubuntu1~18.04.1) 
configure:3580: $? = 0
configure:3569: gcc -V >&5
gcc: error: unrecognized command line option '-V'
gcc: fatal error: no input files
compilation terminated.
configure:3580: $? = 1
configure:3569: gcc -qversion >&5
gcc: error: unrecognized command line option '-qversion'; did you mean '--version'?
gcc: fatal error: no input files
compilation terminated.
configure:3580: $? = 1
configure:3600: checking whether the C compiler works
configure:3622: gcc    conftest.c  >&5
configure:3626: $? = 0
configure:3674: result: yes
configure:3677: checking for C compiler default output file name
configure:3679: result: a.out
configure:3685: checking for suffix of executables
configure:3692: gcc -o conftest    conftest.c  >&5
configure:3696: $? = 0
configure:3718: result: 
configure:3740: checking whether we are cross compiling
configure:3748: gcc -o conftest    conftest.c  >&5
configure:3752: $? = 0
configure:3759: ./conftest
configure:3763: $? = 0
configure:3778: result: no
configure:3783: checking for suffix of object files
configure:3805: gcc -c   conftest.c >&5
configure:3809: $? = 0
configure:3830: result: o
configure:3834: checking whether we are using the GNU C compiler
configure:3853: gcc -c   conftest.c >&5
configure:3853: $? = 0
configure:3862: result: yes
configure:3871: checking whether gcc accepts -g
configure:3891: gcc -c -g  conftest.c >&5
configure:3891: $? = 0
configure:3932: result: yes
configure:3949: checking for gcc option to accept ISO C89
configure:4012: gcc  -c -g -O2  conftest.c >&5
configure:4012: $? = 0
configure:4025: result: none needed
configure:4050: checking whether gcc understands -c and -o together
configure:4072: gcc -c conftest.c -o conftest2.o
configure:4075: $? = 0
configure:4072: gcc -c conftest.c -o conftest2.o
configure:4075: $? = 0
configure:4087: result: yes
configure:4115: checking for style of include used by make
configure:4143: result: GNU
configure:4169: checking dependency style of gcc
configure:4280: result: none
configure:4353: checking for g++
configure:4369: found /usr/bin/g++
configure:4380: result: g++
configure:4407: checking for C++ compiler version
configure:4416: g++ --version >&5
g++ (Ubuntu 7.4.0-1ubuntu1~18.04.1) 7.4.0
Copyright (C) 2017 Free Software Foundation, Inc.
This is free software; see the source for copying conditions.  There is NO
warranty; not even for MERCHANTABILITY or FITNESS FOR A PARTICULAR PURPOSE.

configure:4427: $? = 0
configure:4416: g++ -v >&5
Using built-in specs.
COLLECT_GCC=g++
COLLECT_LTO_WRAPPER=/usr/lib/gcc/x86_64-linux-gnu/7/lto-wrapper
OFFLOAD_TARGET_NAMES=nvptx-none
OFFLOAD_TARGET_DEFAULT=1
Target: x86_64-linux-gnu
Configured with: ../src/configure -v --with-pkgversion='Ubuntu 7.4.0-1ubuntu1~18.04.1' --with-bugurl=file:///usr/share/doc/gcc-7/README.Bugs --enable-languages=c,ada,c++,go,brig,d,fortran,objc,obj-c++ --prefix=/usr --with-gcc-major-version-only --program-suffix=-7 --program-prefix=x86_64-linux-gnu- --enable-shared --enable-linker-build-id --libexecdir=/usr/lib --without-included-gettext --enable-threads=posix --libdir=/usr/lib --enable-nls --with-sysroot=/ --enable-clocale=gnu --enable-libstdcxx-debug --enable-libstdcxx-time=yes --with-default-libstdcxx-abi=new --enable-gnu-unique-object --disable-vtable-verify --enable-libmpx --enable-plugin --enable-default-pie --with-system-zlib --with-target-system-zlib --enable-objc-gc=auto --enable-multiarch --disable-werror --with-arch-32=i686 --with-abi=m64 --with-multilib-list=m32,m64,mx32 --enable-multilib --with-tune=generic --enable-offload-targets=nvptx-none --without-cuda-driver --enable-checking=release --build=x86_64-linux-gnu --host=x86_64-linux-gnu --target=x86_64-linux-gnu
Thread model: posix
gcc version 7.4.0 (Ubuntu 7.4.0-1ubuntu1~18.04.1) 
configure:4427: $? = 0
configure:4416: g++ -V >&5
g++: error: unrecognized command line option '-V'
g++: fatal error: no input files
compilation terminated.
configure:4427: $? = 1
configure:4416: g++ -qversion >&5
g++: error: unrecognized command line option '-qversion'; did you mean '--version'?
g++: fatal error: no input files
compilation terminated.
configure:4427: $? = 1
configure:4431: checking whether we are using the GNU C++ compiler
configure:4450: g++ -c   conftest.cpp >&5
configure:4450: $? = 0
configure:4459: result: yes
configure:4468: checking whether g++ accepts -g
configure:4488: g++ -c -g  conftest.cpp >&5
configure:4488: $? = 0
configure:4529: result: yes
configure:4554: checking dependency style of g++
configure:4665: result: none
configure:4686: checking how to run the C preprocessor
configure:4717: gcc -E  conftest.c
configure:4717: $? = 0
configure:4731: gcc -E  conftest.c
conftest.c:11:10: fatal error: ac_nonexistent.h: No such file or directory
 #include <ac_nonexistent.h>
          ^~~~~~~~~~~~~~~~~~
compilation terminated.
configure:4731: $? = 1
configure: failed program was:
| /* confdefs.h */
| #define PACKAGE_NAME ""
| #define PACKAGE_TARNAME ""
| #define PACKAGE_VERSION ""
| #define PACKAGE_STRING ""
| #define PACKAGE_BUGREPORT ""
| #define PACKAGE_URL ""
| #define PACKAGE "cabocha"
| #define VERSION "0.69"
| /* end confdefs.h.  */
| #include <ac_nonexistent.h>
configure:4756: result: gcc -E
configure:4776: gcc -E  conftest.c
configure:4776: $? = 0
configure:4790: gcc -E  conftest.c
conftest.c:11:10: fatal error: ac_nonexistent.h: No such file or directory
 #include <ac_nonexistent.h>
          ^~~~~~~~~~~~~~~~~~
compilation terminated.
configure:4790: $? = 1
configure: failed program was:
| /* confdefs.h */
| #define PACKAGE_NAME ""
| #define PACKAGE_TARNAME ""
| #define PACKAGE_VERSION ""
| #define PACKAGE_STRING ""
| #define PACKAGE_BUGREPORT ""
| #define PACKAGE_URL ""
| #define PACKAGE "cabocha"
| #define VERSION "0.69"
| /* end confdefs.h.  */
| #include <ac_nonexistent.h>
configure:4819: checking for grep that handles long lines and -e
configure:4877: result: /bin/grep
configure:4882: checking for egrep
configure:4944: result: /bin/grep -E
configure:4950: checking whether gcc needs -traditional
configure:4984: result: no
configure:4991: checking whether make sets $(MAKE)
configure:5013: result: yes
configure:5026: checking build system type
configure:5040: result: x86_64-unknown-linux-gnu
configure:5060: checking host system type
configure:5073: result: x86_64-unknown-linux-gnu
configure:5442: checking how to print strings
configure:5469: result: printf
configure:5490: checking for a sed that does not truncate output
configure:5554: result: /bin/sed
configure:5572: checking for fgrep
configure:5634: result: /bin/grep -F
configure:5669: checking for ld used by gcc
configure:5736: result: /usr/bin/ld
configure:5743: checking if the linker (/usr/bin/ld) is GNU ld
configure:5758: result: yes
configure:5770: checking for BSD- or MS-compatible name lister (nm)
configure:5819: result: /usr/bin/nm -B
configure:5949: checking the name lister (/usr/bin/nm -B) interface
configure:5956: gcc -c -g -O2  conftest.c >&5
configure:5959: /usr/bin/nm -B "conftest.o"
configure:5962: output
0000000000000000 B some_variable
configure:5969: result: BSD nm
configure:5972: checking whether ln -s works
configure:5976: result: yes
configure:5984: checking the maximum length of command line arguments
configure:6115: result: 1572864
configure:6132: checking whether the shell understands some XSI constructs
configure:6142: result: yes
configure:6146: checking whether the shell understands "+="
configure:6152: result: yes
configure:6187: checking how to convert x86_64-unknown-linux-gnu file names to x86_64-unknown-linux-gnu format
configure:6227: result: func_convert_file_noop
configure:6234: checking how to convert x86_64-unknown-linux-gnu file names to toolchain format
configure:6254: result: func_convert_file_noop
configure:6261: checking for /usr/bin/ld option to reload object files
configure:6268: result: -r
configure:6342: checking for objdump
configure:6369: result: objdump
configure:6398: checking how to recognize dependent libraries
configure:6596: result: pass_all
configure:6681: checking for dlltool
configure:6708: result: dlltool
configure:6738: checking how to associate runtime and link libraries
configure:6765: result: printf %s\n
configure:6825: checking for ar
configure:6841: found /usr/bin/ar
configure:6852: result: ar
configure:6889: checking for archiver @FILE support
configure:6906: gcc -c -g -O2  conftest.c >&5
configure:6906: $? = 0
configure:6909: ar cru libconftest.a @conftest.lst >&5
ar: `u' modifier ignored since `D' is the default (see `U')
configure:6912: $? = 0
configure:6917: ar cru libconftest.a @conftest.lst >&5
ar: `u' modifier ignored since `D' is the default (see `U')
ar: conftest.o: No such file or directory
configure:6920: $? = 1
configure:6932: result: @
configure:6990: checking for strip
configure:7006: found /usr/bin/strip
configure:7017: result: strip
configure:7089: checking for ranlib
configure:7105: found /usr/bin/ranlib
configure:7116: result: ranlib
configure:7218: checking command to parse /usr/bin/nm -B output from gcc object
configure:7338: gcc -c -g -O2  conftest.c >&5
configure:7341: $? = 0
configure:7345: /usr/bin/nm -B conftest.o \| sed -n -e 's/^.*[ ]\([ABCDGIRSTW][ABCDGIRSTW]*\)[ ][ ]*\([_A-Za-z][_A-Za-z0-9]*\)$/\1 \2 \2/p' | sed '/ __gnu_lto/d' \> conftest.nm
configure:7348: $? = 0
configure:7414: gcc -o conftest -g -O2   conftest.c conftstm.o >&5
configure:7417: $? = 0
configure:7455: result: ok
configure:7492: checking for sysroot
configure:7522: result: no
configure:7599: gcc -c -g -O2  conftest.c >&5
configure:7602: $? = 0
configure:7791: checking for mt
configure:7807: found /bin/mt
configure:7818: result: mt
configure:7841: checking if mt is a manifest tool
configure:7847: mt '-?'
configure:7855: result: no
configure:8492: checking for ANSI C header files
configure:8512: gcc -c -g -O2  conftest.c >&5
configure:8512: $? = 0
configure:8585: gcc -o conftest -g -O2   conftest.c  >&5
configure:8585: $? = 0
configure:8585: ./conftest
configure:8585: $? = 0
configure:8596: result: yes
configure:8609: checking for sys/types.h
configure:8609: gcc -c -g -O2  conftest.c >&5
configure:8609: $? = 0
configure:8609: result: yes
configure:8609: checking for sys/stat.h
configure:8609: gcc -c -g -O2  conftest.c >&5
configure:8609: $? = 0
configure:8609: result: yes
configure:8609: checking for stdlib.h
configure:8609: gcc -c -g -O2  conftest.c >&5
configure:8609: $? = 0
configure:8609: result: yes
configure:8609: checking for string.h
configure:8609: gcc -c -g -O2  conftest.c >&5
configure:8609: $? = 0
configure:8609: result: yes
configure:8609: checking for memory.h
configure:8609: gcc -c -g -O2  conftest.c >&5
configure:8609: $? = 0
configure:8609: result: yes
configure:8609: checking for strings.h
configure:8609: gcc -c -g -O2  conftest.c >&5
configure:8609: $? = 0
configure:8609: result: yes
configure:8609: checking for inttypes.h
configure:8609: gcc -c -g -O2  conftest.c >&5
configure:8609: $? = 0
configure:8609: result: yes
configure:8609: checking for stdint.h
configure:8609: gcc -c -g -O2  conftest.c >&5
configure:8609: $? = 0
configure:8609: result: yes
configure:8609: checking for unistd.h
configure:8609: gcc -c -g -O2  conftest.c >&5
configure:8609: $? = 0
configure:8609: result: yes
configure:8623: checking for dlfcn.h
configure:8623: gcc -c -g -O2  conftest.c >&5
configure:8623: $? = 0
configure:8623: result: yes
configure:8838: checking for objdir
configure:8853: result: .libs
configure:9120: checking if gcc supports -fno-rtti -fno-exceptions
configure:9138: gcc -c -g -O2  -fno-rtti -fno-exceptions conftest.c >&5
cc1: warning: command line option '-fno-rtti' is valid for C++/ObjC++ but not for C
configure:9142: $? = 0
configure:9155: result: no
configure:9482: checking for gcc option to produce PIC
configure:9489: result: -fPIC -DPIC
configure:9497: checking if gcc PIC flag -fPIC -DPIC works
configure:9515: gcc -c -g -O2  -fPIC -DPIC -DPIC conftest.c >&5
configure:9519: $? = 0
configure:9532: result: yes
configure:9561: checking if gcc static flag -static works
configure:9589: result: yes
configure:9604: checking if gcc supports -c -o file.o
configure:9625: gcc -c -g -O2  -o out/conftest2.o conftest.c >&5
configure:9629: $? = 0
configure:9651: result: yes
configure:9659: checking if gcc supports -c -o file.o
configure:9706: result: yes
configure:9739: checking whether the gcc linker (/usr/bin/ld -m elf_x86_64) supports shared libraries
configure:10896: result: yes
configure:10933: checking whether -lc should be explicitly linked in
configure:10941: gcc -c -g -O2  conftest.c >&5
configure:10944: $? = 0
configure:10959: gcc -shared  -fPIC -DPIC conftest.o  -v -Wl,-soname -Wl,conftest -o conftest 2\>\&1 \| /bin/grep  -lc  \>/dev/null 2\>\&1
configure:10962: $? = 0
configure:10976: result: no
configure:11136: checking dynamic linker characteristics
configure:11636: gcc -o conftest -g -O2   -Wl,-rpath -Wl,/foo conftest.c  >&5
configure:11636: $? = 0
configure:11870: result: GNU/Linux ld.so
configure:11977: checking how to hardcode library paths into programs
configure:12002: result: immediate
configure:12542: checking whether stripping libraries is possible
configure:12547: result: yes
configure:12582: checking if libtool supports shared libraries
configure:12584: result: yes
configure:12587: checking whether to build shared libraries
configure:12608: result: yes
configure:12611: checking whether to build static libraries
configure:12615: result: yes
configure:12638: checking how to run the C++ preprocessor
configure:12665: g++ -E  conftest.cpp
configure:12665: $? = 0
configure:12679: g++ -E  conftest.cpp
conftest.cpp:23:10: fatal error: ac_nonexistent.h: No such file or directory
 #include <ac_nonexistent.h>
          ^~~~~~~~~~~~~~~~~~
compilation terminated.
configure:12679: $? = 1
configure: failed program was:
| /* confdefs.h */
| #define PACKAGE_NAME ""
| #define PACKAGE_TARNAME ""
| #define PACKAGE_VERSION ""
| #define PACKAGE_STRING ""
| #define PACKAGE_BUGREPORT ""
| #define PACKAGE_URL ""
| #define PACKAGE "cabocha"
| #define VERSION "0.69"
| #define STDC_HEADERS 1
| #define HAVE_SYS_TYPES_H 1
| #define HAVE_SYS_STAT_H 1
| #define HAVE_STDLIB_H 1
| #define HAVE_STRING_H 1
| #define HAVE_MEMORY_H 1
| #define HAVE_STRINGS_H 1
| #define HAVE_INTTYPES_H 1
| #define HAVE_STDINT_H 1
| #define HAVE_UNISTD_H 1
| #define HAVE_DLFCN_H 1
| #define LT_OBJDIR ".libs/"
| /* end confdefs.h.  */
| #include <ac_nonexistent.h>
configure:12704: result: g++ -E
configure:12724: g++ -E  conftest.cpp
configure:12724: $? = 0
configure:12738: g++ -E  conftest.cpp
conftest.cpp:23:10: fatal error: ac_nonexistent.h: No such file or directory
 #include <ac_nonexistent.h>
          ^~~~~~~~~~~~~~~~~~
compilation terminated.
configure:12738: $? = 1
configure: failed program was:
| /* confdefs.h */
| #define PACKAGE_NAME ""
| #define PACKAGE_TARNAME ""
| #define PACKAGE_VERSION ""
| #define PACKAGE_STRING ""
| #define PACKAGE_BUGREPORT ""
| #define PACKAGE_URL ""
| #define PACKAGE "cabocha"
| #define VERSION "0.69"
| #define STDC_HEADERS 1
| #define HAVE_SYS_TYPES_H 1
| #define HAVE_SYS_STAT_H 1
| #define HAVE_STDLIB_H 1
| #define HAVE_STRING_H 1
| #define HAVE_MEMORY_H 1
| #define HAVE_STRINGS_H 1
| #define HAVE_INTTYPES_H 1
| #define HAVE_STDINT_H 1
| #define HAVE_UNISTD_H 1
| #define HAVE_DLFCN_H 1
| #define LT_OBJDIR ".libs/"
| /* end confdefs.h.  */
| #include <ac_nonexistent.h>
configure:12907: checking for ld used by g++
configure:12974: result: /usr/bin/ld -m elf_x86_64
configure:12981: checking if the linker (/usr/bin/ld -m elf_x86_64) is GNU ld
configure:12996: result: yes
configure:13051: checking whether the g++ linker (/usr/bin/ld -m elf_x86_64) supports shared libraries
configure:14053: result: yes
configure:14089: g++ -c -g -O2  conftest.cpp >&5
configure:14092: $? = 0
configure:14612: checking for g++ option to produce PIC
configure:14619: result: -fPIC -DPIC
configure:14627: checking if g++ PIC flag -fPIC -DPIC works
configure:14645: g++ -c -g -O2  -fPIC -DPIC -DPIC conftest.cpp >&5
configure:14649: $? = 0
configure:14662: result: yes
configure:14685: checking if g++ static flag -static works
configure:14713: result: yes
configure:14725: checking if g++ supports -c -o file.o
configure:14746: g++ -c -g -O2  -o out/conftest2.o conftest.cpp >&5
configure:14750: $? = 0
configure:14772: result: yes
configure:14777: checking if g++ supports -c -o file.o
configure:14824: result: yes
configure:14854: checking whether the g++ linker (/usr/bin/ld -m elf_x86_64) supports shared libraries
configure:14893: result: yes
configure:15034: checking dynamic linker characteristics
configure:15702: result: GNU/Linux ld.so
configure:15755: checking how to hardcode library paths into programs
configure:15780: result: immediate
configure:15841: checking for library containing strerror
configure:15872: gcc -o conftest -g -O2   conftest.c  >&5
configure:15872: $? = 0
configure:15889: result: none required
configure:15944: checking for ld used by gcc
configure:16011: result: /usr/bin/ld -m elf_x86_64
configure:16018: checking if the linker (/usr/bin/ld -m elf_x86_64) is GNU ld
configure:16033: result: yes
configure:16040: checking for shared library run path origin
configure:16053: result: done
configure:16631: checking for iconv
configure:16655: gcc -o conftest -g -O2   conftest.c  >&5
configure:16655: $? = 0
configure:16689: result: yes
configure:16692: checking for working iconv
configure:16812: gcc -o conftest -g -O2   conftest.c  >&5
configure:16812: $? = 0
configure:16812: ./conftest
configure:16812: $? = 0
configure:16824: result: yes
configure:16852: checking for iconv declaration
configure:16881: gcc -c -g -O2  conftest.c >&5
configure:16881: $? = 0
configure:16892: result:
         extern size_t iconv (iconv_t cd, char * *inbuf, size_t *inbytesleft, char * *outbuf, size_t *outbytesleft);
configure:16915: checking for ANSI C header files
configure:17019: result: yes
configure:17027: checking for an ANSI C-conforming const
configure:17093: gcc -c -g -O2  conftest.c >&5
configure:17093: $? = 0
configure:17100: result: yes
configure:17108: checking whether byte ordering is bigendian
configure:17123: gcc -c -g -O2  conftest.c >&5
conftest.c:27:9: error: unknown type name 'not'
         not a universal capable compiler
         ^~~
conftest.c:27:15: error: expected '=', ',', ';', 'asm' or '__attribute__' before 'universal'
         not a universal capable compiler
               ^~~~~~~~~
conftest.c:27:15: error: unknown type name 'universal'
configure:17123: $? = 1
configure: failed program was:
| /* confdefs.h */
| #define PACKAGE_NAME ""
| #define PACKAGE_TARNAME ""
| #define PACKAGE_VERSION ""
| #define PACKAGE_STRING ""
| #define PACKAGE_BUGREPORT ""
| #define PACKAGE_URL ""
| #define PACKAGE "cabocha"
| #define VERSION "0.69"
| #define STDC_HEADERS 1
| #define HAVE_SYS_TYPES_H 1
| #define HAVE_SYS_STAT_H 1
| #define HAVE_STDLIB_H 1
| #define HAVE_STRING_H 1
| #define HAVE_MEMORY_H 1
| #define HAVE_STRINGS_H 1
| #define HAVE_INTTYPES_H 1
| #define HAVE_STDINT_H 1
| #define HAVE_UNISTD_H 1
| #define HAVE_DLFCN_H 1
| #define LT_OBJDIR ".libs/"
| #define HAVE_ICONV 1
| #define ICONV_CONST 
| #define STDC_HEADERS 1
| /* end confdefs.h.  */
| #ifndef __APPLE_CC__
| 	       not a universal capable compiler
| 	     #endif
| 	     typedef int dummy;
| 
configure:17168: gcc -c -g -O2  conftest.c >&5
configure:17168: $? = 0
configure:17186: gcc -c -g -O2  conftest.c >&5
conftest.c: In function 'main':
conftest.c:33:4: error: unknown type name 'not'; did you mean 'ino_t'?
    not big endian
    ^~~
    ino_t
conftest.c:33:12: error: expected '=', ',', ';', 'asm' or '__attribute__' before 'endian'
    not big endian
            ^~~~~~
configure:17186: $? = 1
configure: failed program was:
| /* confdefs.h */
| #define PACKAGE_NAME ""
| #define PACKAGE_TARNAME ""
| #define PACKAGE_VERSION ""
| #define PACKAGE_STRING ""
| #define PACKAGE_BUGREPORT ""
| #define PACKAGE_URL ""
| #define PACKAGE "cabocha"
| #define VERSION "0.69"
| #define STDC_HEADERS 1
| #define HAVE_SYS_TYPES_H 1
| #define HAVE_SYS_STAT_H 1
| #define HAVE_STDLIB_H 1
| #define HAVE_STRING_H 1
| #define HAVE_MEMORY_H 1
| #define HAVE_STRINGS_H 1
| #define HAVE_INTTYPES_H 1
| #define HAVE_STDINT_H 1
| #define HAVE_UNISTD_H 1
| #define HAVE_DLFCN_H 1
| #define LT_OBJDIR ".libs/"
| #define HAVE_ICONV 1
| #define ICONV_CONST 
| #define STDC_HEADERS 1
| /* end confdefs.h.  */
| #include <sys/types.h>
| 		#include <sys/param.h>
| 
| int
| main ()
| {
| #if BYTE_ORDER != BIG_ENDIAN
| 		 not big endian
| 		#endif
| 
|   ;
|   return 0;
| }
configure:17314: result: no
configure:17337: checking for string.h
configure:17337: result: yes
configure:17337: checking for stdlib.h
configure:17337: result: yes
configure:17337: checking for unistd.h
configure:17337: result: yes
configure:17337: checking fcntl.h usability
configure:17337: gcc -c -g -O2  conftest.c >&5
configure:17337: $? = 0
configure:17337: result: yes
configure:17337: checking fcntl.h presence
configure:17337: gcc -E  conftest.c
configure:17337: $? = 0
configure:17337: result: yes
configure:17337: checking for fcntl.h
configure:17337: result: yes
configure:17337: checking for sys/stat.h
configure:17337: result: yes
configure:17337: checking sys/mman.h usability
configure:17337: gcc -c -g -O2  conftest.c >&5
configure:17337: $? = 0
configure:17337: result: yes
configure:17337: checking sys/mman.h presence
configure:17337: gcc -E  conftest.c
configure:17337: $? = 0
configure:17337: result: yes
configure:17337: checking for sys/mman.h
configure:17337: result: yes
configure:17337: checking sys/times.h usability
configure:17337: gcc -c -g -O2  conftest.c >&5
configure:17337: $? = 0
configure:17337: result: yes
configure:17337: checking sys/times.h presence
configure:17337: gcc -E  conftest.c
configure:17337: $? = 0
configure:17337: result: yes
configure:17337: checking for sys/times.h
configure:17337: result: yes
configure:17337: checking for sys/types.h
configure:17337: result: yes
configure:17337: checking dirent.h usability
configure:17337: gcc -c -g -O2  conftest.c >&5
configure:17337: $? = 0
configure:17337: result: yes
configure:17337: checking dirent.h presence
configure:17337: gcc -E  conftest.c
configure:17337: $? = 0
configure:17337: result: yes
configure:17337: checking for dirent.h
configure:17337: result: yes
configure:17337: checking ctype.h usability
configure:17337: gcc -c -g -O2  conftest.c >&5
configure:17337: $? = 0
configure:17337: result: yes
configure:17337: checking ctype.h presence
configure:17337: gcc -E  conftest.c
configure:17337: $? = 0
configure:17337: result: yes
configure:17337: checking for ctype.h
configure:17337: result: yes
configure:17337: checking for sys/types.h
configure:17337: result: yes
configure:17337: checking io.h usability
configure:17337: gcc -c -g -O2  conftest.c >&5
conftest.c:70:10: fatal error: io.h: No such file or directory
 #include <io.h>
          ^~~~~~
compilation terminated.
configure:17337: $? = 1
configure: failed program was:
| /* confdefs.h */
| #define PACKAGE_NAME ""
| #define PACKAGE_TARNAME ""
| #define PACKAGE_VERSION ""
| #define PACKAGE_STRING ""
| #define PACKAGE_BUGREPORT ""
| #define PACKAGE_URL ""
| #define PACKAGE "cabocha"
| #define VERSION "0.69"
| #define STDC_HEADERS 1
| #define HAVE_SYS_TYPES_H 1
| #define HAVE_SYS_STAT_H 1
| #define HAVE_STDLIB_H 1
| #define HAVE_STRING_H 1
| #define HAVE_MEMORY_H 1
| #define HAVE_STRINGS_H 1
| #define HAVE_INTTYPES_H 1
| #define HAVE_STDINT_H 1
| #define HAVE_UNISTD_H 1
| #define HAVE_DLFCN_H 1
| #define LT_OBJDIR ".libs/"
| #define HAVE_ICONV 1
| #define ICONV_CONST 
| #define STDC_HEADERS 1
| #define HAVE_STRING_H 1
| #define HAVE_STDLIB_H 1
| #define HAVE_UNISTD_H 1
| #define HAVE_FCNTL_H 1
| #define HAVE_SYS_STAT_H 1
| #define HAVE_SYS_MMAN_H 1
| #define HAVE_SYS_TIMES_H 1
| #define HAVE_SYS_TYPES_H 1
| #define HAVE_DIRENT_H 1
| #define HAVE_CTYPE_H 1
| #define HAVE_SYS_TYPES_H 1
| /* end confdefs.h.  */
| #include <stdio.h>
| #ifdef HAVE_SYS_TYPES_H
| # include <sys/types.h>
| #endif
| #ifdef HAVE_SYS_STAT_H
| # include <sys/stat.h>
| #endif
| #ifdef STDC_HEADERS
| # include <stdlib.h>
| # include <stddef.h>
| #else
| # ifdef HAVE_STDLIB_H
| #  include <stdlib.h>
| # endif
| #endif
| #ifdef HAVE_STRING_H
| # if !defined STDC_HEADERS && defined HAVE_MEMORY_H
| #  include <memory.h>
| # endif
| # include <string.h>
| #endif
| #ifdef HAVE_STRINGS_H
| # include <strings.h>
| #endif
| #ifdef HAVE_INTTYPES_H
| # include <inttypes.h>
| #endif
| #ifdef HAVE_STDINT_H
| # include <stdint.h>
| #endif
| #ifdef HAVE_UNISTD_H
| # include <unistd.h>
| #endif
| #include <io.h>
configure:17337: result: no
configure:17337: checking io.h presence
configure:17337: gcc -E  conftest.c
conftest.c:37:10: fatal error: io.h: No such file or directory
 #include <io.h>
          ^~~~~~
compilation terminated.
configure:17337: $? = 1
configure: failed program was:
| /* confdefs.h */
| #define PACKAGE_NAME ""
| #define PACKAGE_TARNAME ""
| #define PACKAGE_VERSION ""
| #define PACKAGE_STRING ""
| #define PACKAGE_BUGREPORT ""
| #define PACKAGE_URL ""
| #define PACKAGE "cabocha"
| #define VERSION "0.69"
| #define STDC_HEADERS 1
| #define HAVE_SYS_TYPES_H 1
| #define HAVE_SYS_STAT_H 1
| #define HAVE_STDLIB_H 1
| #define HAVE_STRING_H 1
| #define HAVE_MEMORY_H 1
| #define HAVE_STRINGS_H 1
| #define HAVE_INTTYPES_H 1
| #define HAVE_STDINT_H 1
| #define HAVE_UNISTD_H 1
| #define HAVE_DLFCN_H 1
| #define LT_OBJDIR ".libs/"
| #define HAVE_ICONV 1
| #define ICONV_CONST 
| #define STDC_HEADERS 1
| #define HAVE_STRING_H 1
| #define HAVE_STDLIB_H 1
| #define HAVE_UNISTD_H 1
| #define HAVE_FCNTL_H 1
| #define HAVE_SYS_STAT_H 1
| #define HAVE_SYS_MMAN_H 1
| #define HAVE_SYS_TIMES_H 1
| #define HAVE_SYS_TYPES_H 1
| #define HAVE_DIRENT_H 1
| #define HAVE_CTYPE_H 1
| #define HAVE_SYS_TYPES_H 1
| /* end confdefs.h.  */
| #include <io.h>
configure:17337: result: no
configure:17337: checking for io.h
configure:17337: result: no
configure:17337: checking windows.h usability
configure:17337: gcc -c -g -O2  conftest.c >&5
conftest.c:70:10: fatal error: windows.h: No such file or directory
 #include <windows.h>
          ^~~~~~~~~~~
compilation terminated.
configure:17337: $? = 1
configure: failed program was:
| /* confdefs.h */
| #define PACKAGE_NAME ""
| #define PACKAGE_TARNAME ""
| #define PACKAGE_VERSION ""
| #define PACKAGE_STRING ""
| #define PACKAGE_BUGREPORT ""
| #define PACKAGE_URL ""
| #define PACKAGE "cabocha"
| #define VERSION "0.69"
| #define STDC_HEADERS 1
| #define HAVE_SYS_TYPES_H 1
| #define HAVE_SYS_STAT_H 1
| #define HAVE_STDLIB_H 1
| #define HAVE_STRING_H 1
| #define HAVE_MEMORY_H 1
| #define HAVE_STRINGS_H 1
| #define HAVE_INTTYPES_H 1
| #define HAVE_STDINT_H 1
| #define HAVE_UNISTD_H 1
| #define HAVE_DLFCN_H 1
| #define LT_OBJDIR ".libs/"
| #define HAVE_ICONV 1
| #define ICONV_CONST 
| #define STDC_HEADERS 1
| #define HAVE_STRING_H 1
| #define HAVE_STDLIB_H 1
| #define HAVE_UNISTD_H 1
| #define HAVE_FCNTL_H 1
| #define HAVE_SYS_STAT_H 1
| #define HAVE_SYS_MMAN_H 1
| #define HAVE_SYS_TIMES_H 1
| #define HAVE_SYS_TYPES_H 1
| #define HAVE_DIRENT_H 1
| #define HAVE_CTYPE_H 1
| #define HAVE_SYS_TYPES_H 1
| /* end confdefs.h.  */
| #include <stdio.h>
| #ifdef HAVE_SYS_TYPES_H
| # include <sys/types.h>
| #endif
| #ifdef HAVE_SYS_STAT_H
| # include <sys/stat.h>
| #endif
| #ifdef STDC_HEADERS
| # include <stdlib.h>
| # include <stddef.h>
| #else
| # ifdef HAVE_STDLIB_H
| #  include <stdlib.h>
| # endif
| #endif
| #ifdef HAVE_STRING_H
| # if !defined STDC_HEADERS && defined HAVE_MEMORY_H
| #  include <memory.h>
| # endif
| # include <string.h>
| #endif
| #ifdef HAVE_STRINGS_H
| # include <strings.h>
| #endif
| #ifdef HAVE_INTTYPES_H
| # include <inttypes.h>
| #endif
| #ifdef HAVE_STDINT_H
| # include <stdint.h>
| #endif
| #ifdef HAVE_UNISTD_H
| # include <unistd.h>
| #endif
| #include <windows.h>
configure:17337: result: no
configure:17337: checking windows.h presence
configure:17337: gcc -E  conftest.c
conftest.c:37:10: fatal error: windows.h: No such file or directory
 #include <windows.h>
          ^~~~~~~~~~~
compilation terminated.
configure:17337: $? = 1
configure: failed program was:
| /* confdefs.h */
| #define PACKAGE_NAME ""
| #define PACKAGE_TARNAME ""
| #define PACKAGE_VERSION ""
| #define PACKAGE_STRING ""
| #define PACKAGE_BUGREPORT ""
| #define PACKAGE_URL ""
| #define PACKAGE "cabocha"
| #define VERSION "0.69"
| #define STDC_HEADERS 1
| #define HAVE_SYS_TYPES_H 1
| #define HAVE_SYS_STAT_H 1
| #define HAVE_STDLIB_H 1
| #define HAVE_STRING_H 1
| #define HAVE_MEMORY_H 1
| #define HAVE_STRINGS_H 1
| #define HAVE_INTTYPES_H 1
| #define HAVE_STDINT_H 1
| #define HAVE_UNISTD_H 1
| #define HAVE_DLFCN_H 1
| #define LT_OBJDIR ".libs/"
| #define HAVE_ICONV 1
| #define ICONV_CONST 
| #define STDC_HEADERS 1
| #define HAVE_STRING_H 1
| #define HAVE_STDLIB_H 1
| #define HAVE_UNISTD_H 1
| #define HAVE_FCNTL_H 1
| #define HAVE_SYS_STAT_H 1
| #define HAVE_SYS_MMAN_H 1
| #define HAVE_SYS_TIMES_H 1
| #define HAVE_SYS_TYPES_H 1
| #define HAVE_DIRENT_H 1
| #define HAVE_CTYPE_H 1
| #define HAVE_SYS_TYPES_H 1
| /* end confdefs.h.  */
| #include <windows.h>
configure:17337: result: no
configure:17337: checking for windows.h
configure:17337: result: no
configure:17337: checking pthread.h usability
configure:17337: gcc -c -g -O2  conftest.c >&5
configure:17337: $? = 0
configure:17337: result: yes
configure:17337: checking pthread.h presence
configure:17337: gcc -E  conftest.c
configure:17337: $? = 0
configure:17337: result: yes
configure:17337: checking for pthread.h
configure:17337: result: yes
configure:17347: checking for off_t
configure:17347: gcc -c -g -O2  conftest.c >&5
configure:17347: $? = 0
configure:17347: gcc -c -g -O2  conftest.c >&5
conftest.c: In function 'main':
conftest.c:74:20: error: expected expression before ')' token
 if (sizeof ((off_t)))
                    ^
configure:17347: $? = 1
configure: failed program was:
| /* confdefs.h */
| #define PACKAGE_NAME ""
| #define PACKAGE_TARNAME ""
| #define PACKAGE_VERSION ""
| #define PACKAGE_STRING ""
| #define PACKAGE_BUGREPORT ""
| #define PACKAGE_URL ""
| #define PACKAGE "cabocha"
| #define VERSION "0.69"
| #define STDC_HEADERS 1
| #define HAVE_SYS_TYPES_H 1
| #define HAVE_SYS_STAT_H 1
| #define HAVE_STDLIB_H 1
| #define HAVE_STRING_H 1
| #define HAVE_MEMORY_H 1
| #define HAVE_STRINGS_H 1
| #define HAVE_INTTYPES_H 1
| #define HAVE_STDINT_H 1
| #define HAVE_UNISTD_H 1
| #define HAVE_DLFCN_H 1
| #define LT_OBJDIR ".libs/"
| #define HAVE_ICONV 1
| #define ICONV_CONST 
| #define STDC_HEADERS 1
| #define HAVE_STRING_H 1
| #define HAVE_STDLIB_H 1
| #define HAVE_UNISTD_H 1
| #define HAVE_FCNTL_H 1
| #define HAVE_SYS_STAT_H 1
| #define HAVE_SYS_MMAN_H 1
| #define HAVE_SYS_TIMES_H 1
| #define HAVE_SYS_TYPES_H 1
| #define HAVE_DIRENT_H 1
| #define HAVE_CTYPE_H 1
| #define HAVE_SYS_TYPES_H 1
| #define HAVE_PTHREAD_H 1
| /* end confdefs.h.  */
| #include <stdio.h>
| #ifdef HAVE_SYS_TYPES_H
| # include <sys/types.h>
| #endif
| #ifdef HAVE_SYS_STAT_H
| # include <sys/stat.h>
| #endif
| #ifdef STDC_HEADERS
| # include <stdlib.h>
| # include <stddef.h>
| #else
| # ifdef HAVE_STDLIB_H
| #  include <stdlib.h>
| # endif
| #endif
| #ifdef HAVE_STRING_H
| # if !defined STDC_HEADERS && defined HAVE_MEMORY_H
| #  include <memory.h>
| # endif
| # include <string.h>
| #endif
| #ifdef HAVE_STRINGS_H
| # include <strings.h>
| #endif
| #ifdef HAVE_INTTYPES_H
| # include <inttypes.h>
| #endif
| #ifdef HAVE_STDINT_H
| # include <stdint.h>
| #endif
| #ifdef HAVE_UNISTD_H
| # include <unistd.h>
| #endif
| int
| main ()
| {
| if (sizeof ((off_t)))
| 	    return 0;
|   ;
|   return 0;
| }
configure:17347: result: yes
configure:17358: checking for size_t
configure:17358: gcc -c -g -O2  conftest.c >&5
configure:17358: $? = 0
configure:17358: gcc -c -g -O2  conftest.c >&5
conftest.c: In function 'main':
conftest.c:74:21: error: expected expression before ')' token
 if (sizeof ((size_t)))
                     ^
configure:17358: $? = 1
configure: failed program was:
| /* confdefs.h */
| #define PACKAGE_NAME ""
| #define PACKAGE_TARNAME ""
| #define PACKAGE_VERSION ""
| #define PACKAGE_STRING ""
| #define PACKAGE_BUGREPORT ""
| #define PACKAGE_URL ""
| #define PACKAGE "cabocha"
| #define VERSION "0.69"
| #define STDC_HEADERS 1
| #define HAVE_SYS_TYPES_H 1
| #define HAVE_SYS_STAT_H 1
| #define HAVE_STDLIB_H 1
| #define HAVE_STRING_H 1
| #define HAVE_MEMORY_H 1
| #define HAVE_STRINGS_H 1
| #define HAVE_INTTYPES_H 1
| #define HAVE_STDINT_H 1
| #define HAVE_UNISTD_H 1
| #define HAVE_DLFCN_H 1
| #define LT_OBJDIR ".libs/"
| #define HAVE_ICONV 1
| #define ICONV_CONST 
| #define STDC_HEADERS 1
| #define HAVE_STRING_H 1
| #define HAVE_STDLIB_H 1
| #define HAVE_UNISTD_H 1
| #define HAVE_FCNTL_H 1
| #define HAVE_SYS_STAT_H 1
| #define HAVE_SYS_MMAN_H 1
| #define HAVE_SYS_TIMES_H 1
| #define HAVE_SYS_TYPES_H 1
| #define HAVE_DIRENT_H 1
| #define HAVE_CTYPE_H 1
| #define HAVE_SYS_TYPES_H 1
| #define HAVE_PTHREAD_H 1
| /* end confdefs.h.  */
| #include <stdio.h>
| #ifdef HAVE_SYS_TYPES_H
| # include <sys/types.h>
| #endif
| #ifdef HAVE_SYS_STAT_H
| # include <sys/stat.h>
| #endif
| #ifdef STDC_HEADERS
| # include <stdlib.h>
| # include <stddef.h>
| #else
| # ifdef HAVE_STDLIB_H
| #  include <stdlib.h>
| # endif
| #endif
| #ifdef HAVE_STRING_H
| # if !defined STDC_HEADERS && defined HAVE_MEMORY_H
| #  include <memory.h>
| # endif
| # include <string.h>
| #endif
| #ifdef HAVE_STRINGS_H
| # include <strings.h>
| #endif
| #ifdef HAVE_INTTYPES_H
| # include <inttypes.h>
| #endif
| #ifdef HAVE_STDINT_H
| # include <stdint.h>
| #endif
| #ifdef HAVE_UNISTD_H
| # include <unistd.h>
| #endif
| int
| main ()
| {
| if (sizeof ((size_t)))
| 	    return 0;
|   ;
|   return 0;
| }
configure:17358: result: yes
configure:17373: checking size of char
configure:17378: gcc -o conftest -g -O2   conftest.c  >&5
configure:17378: $? = 0
configure:17378: ./conftest
configure:17378: $? = 0
configure:17392: result: 1
configure:17406: checking size of short
configure:17411: gcc -o conftest -g -O2   conftest.c  >&5
configure:17411: $? = 0
configure:17411: ./conftest
configure:17411: $? = 0
configure:17425: result: 2
configure:17439: checking size of int
configure:17444: gcc -o conftest -g -O2   conftest.c  >&5
configure:17444: $? = 0
configure:17444: ./conftest
configure:17444: $? = 0
configure:17458: result: 4
configure:17472: checking size of long
configure:17477: gcc -o conftest -g -O2   conftest.c  >&5
configure:17477: $? = 0
configure:17477: ./conftest
configure:17477: $? = 0
configure:17491: result: 8
configure:17505: checking size of long long
configure:17510: gcc -o conftest -g -O2   conftest.c  >&5
configure:17510: $? = 0
configure:17510: ./conftest
configure:17510: $? = 0
configure:17524: result: 8
configure:17538: checking size of size_t
configure:17543: gcc -o conftest -g -O2   conftest.c  >&5
configure:17543: $? = 0
configure:17543: ./conftest
configure:17543: $? = 0
configure:17557: result: 8
configure:17567: checking for size_t
configure:17567: result: yes
configure:17585: checking for stdlib.h
configure:17585: result: yes
configure:17585: checking for unistd.h
configure:17585: result: yes
configure:17585: checking for sys/param.h
configure:17585: gcc -c -g -O2  conftest.c >&5
configure:17585: $? = 0
configure:17585: result: yes
configure:17605: checking for getpagesize
configure:17605: gcc -o conftest -g -O2   conftest.c  >&5
configure:17605: $? = 0
configure:17605: result: yes
configure:17614: checking for working mmap
configure:17761: gcc -o conftest -g -O2   conftest.c  >&5
configure:17761: $? = 0
configure:17761: ./conftest
configure:17761: $? = 6
configure: program exited with status 6
configure: failed program was:
| /* confdefs.h */
| #define PACKAGE_NAME ""
| #define PACKAGE_TARNAME ""
| #define PACKAGE_VERSION ""
| #define PACKAGE_STRING ""
| #define PACKAGE_BUGREPORT ""
| #define PACKAGE_URL ""
| #define PACKAGE "cabocha"
| #define VERSION "0.69"
| #define STDC_HEADERS 1
| #define HAVE_SYS_TYPES_H 1
| #define HAVE_SYS_STAT_H 1
| #define HAVE_STDLIB_H 1
| #define HAVE_STRING_H 1
| #define HAVE_MEMORY_H 1
| #define HAVE_STRINGS_H 1
| #define HAVE_INTTYPES_H 1
| #define HAVE_STDINT_H 1
| #define HAVE_UNISTD_H 1
| #define HAVE_DLFCN_H 1
| #define LT_OBJDIR ".libs/"
| #define HAVE_ICONV 1
| #define ICONV_CONST 
| #define STDC_HEADERS 1
| #define HAVE_STRING_H 1
| #define HAVE_STDLIB_H 1
| #define HAVE_UNISTD_H 1
| #define HAVE_FCNTL_H 1
| #define HAVE_SYS_STAT_H 1
| #define HAVE_SYS_MMAN_H 1
| #define HAVE_SYS_TIMES_H 1
| #define HAVE_SYS_TYPES_H 1
| #define HAVE_DIRENT_H 1
| #define HAVE_CTYPE_H 1
| #define HAVE_SYS_TYPES_H 1
| #define HAVE_PTHREAD_H 1
| #define SIZEOF_CHAR 1
| #define SIZEOF_SHORT 2
| #define SIZEOF_INT 4
| #define SIZEOF_LONG 8
| #define SIZEOF_LONG_LONG 8
| #define SIZEOF_SIZE_T 8
| #define HAVE_STDLIB_H 1
| #define HAVE_UNISTD_H 1
| #define HAVE_SYS_PARAM_H 1
| #define HAVE_GETPAGESIZE 1
| /* end confdefs.h.  */
| #include <stdio.h>
| #ifdef HAVE_SYS_TYPES_H
| # include <sys/types.h>
| #endif
| #ifdef HAVE_SYS_STAT_H
| # include <sys/stat.h>
| #endif
| #ifdef STDC_HEADERS
| # include <stdlib.h>
| # include <stddef.h>
| #else
| # ifdef HAVE_STDLIB_H
| #  include <stdlib.h>
| # endif
| #endif
| #ifdef HAVE_STRING_H
| # if !defined STDC_HEADERS && defined HAVE_MEMORY_H
| #  include <memory.h>
| # endif
| # include <string.h>
| #endif
| #ifdef HAVE_STRINGS_H
| # include <strings.h>
| #endif
| #ifdef HAVE_INTTYPES_H
| # include <inttypes.h>
| #endif
| #ifdef HAVE_STDINT_H
| # include <stdint.h>
| #endif
| #ifdef HAVE_UNISTD_H
| # include <unistd.h>
| #endif
| /* malloc might have been renamed as rpl_malloc. */
| #undef malloc
| 
| /* Thanks to Mike Haertel and Jim Avera for this test.
|    Here is a matrix of mmap possibilities:
| 	mmap private not fixed
| 	mmap private fixed at somewhere currently unmapped
| 	mmap private fixed at somewhere already mapped
| 	mmap shared not fixed
| 	mmap shared fixed at somewhere currently unmapped
| 	mmap shared fixed at somewhere already mapped
|    For private mappings, we should verify that changes cannot be read()
|    back from the file, nor mmap's back from the file at a different
|    address.  (There have been systems where private was not correctly
|    implemented like the infamous i386 svr4.0, and systems where the
|    VM page cache was not coherent with the file system buffer cache
|    like early versions of FreeBSD and possibly contemporary NetBSD.)
|    For shared mappings, we should conversely verify that changes get
|    propagated back to all the places they're supposed to be.
| 
|    Grep wants private fixed already mapped.
|    The main things grep needs to know about mmap are:
|    * does it exist and is it safe to write into the mmap'd area
|    * how to use it (BSD variants)  */
| 
| #include <fcntl.h>
| #include <sys/mman.h>
| 
| #if !defined STDC_HEADERS && !defined HAVE_STDLIB_H
| char *malloc ();
| #endif
| 
| /* This mess was copied from the GNU getpagesize.h.  */
| #ifndef HAVE_GETPAGESIZE
| # ifdef _SC_PAGESIZE
| #  define getpagesize() sysconf(_SC_PAGESIZE)
| # else /* no _SC_PAGESIZE */
| #  ifdef HAVE_SYS_PARAM_H
| #   include <sys/param.h>
| #   ifdef EXEC_PAGESIZE
| #    define getpagesize() EXEC_PAGESIZE
| #   else /* no EXEC_PAGESIZE */
| #    ifdef NBPG
| #     define getpagesize() NBPG * CLSIZE
| #     ifndef CLSIZE
| #      define CLSIZE 1
| #     endif /* no CLSIZE */
| #    else /* no NBPG */
| #     ifdef NBPC
| #      define getpagesize() NBPC
| #     else /* no NBPC */
| #      ifdef PAGESIZE
| #       define getpagesize() PAGESIZE
| #      endif /* PAGESIZE */
| #     endif /* no NBPC */
| #    endif /* no NBPG */
| #   endif /* no EXEC_PAGESIZE */
| #  else /* no HAVE_SYS_PARAM_H */
| #   define getpagesize() 8192	/* punt totally */
| #  endif /* no HAVE_SYS_PARAM_H */
| # endif /* no _SC_PAGESIZE */
| 
| #endif /* no HAVE_GETPAGESIZE */
| 
| int
| main ()
| {
|   char *data, *data2, *data3;
|   const char *cdata2;
|   int i, pagesize;
|   int fd, fd2;
| 
|   pagesize = getpagesize ();
| 
|   /* First, make a file with some known garbage in it. */
|   data = (char *) malloc (pagesize);
|   if (!data)
|     return 1;
|   for (i = 0; i < pagesize; ++i)
|     *(data + i) = rand ();
|   umask (0);
|   fd = creat ("conftest.mmap", 0600);
|   if (fd < 0)
|     return 2;
|   if (write (fd, data, pagesize) != pagesize)
|     return 3;
|   close (fd);
| 
|   /* Next, check that the tail of a page is zero-filled.  File must have
|      non-zero length, otherwise we risk SIGBUS for entire page.  */
|   fd2 = open ("conftest.txt", O_RDWR | O_CREAT | O_TRUNC, 0600);
|   if (fd2 < 0)
|     return 4;
|   cdata2 = "";
|   if (write (fd2, cdata2, 1) != 1)
|     return 5;
|   data2 = (char *) mmap (0, pagesize, PROT_READ | PROT_WRITE, MAP_SHARED, fd2, 0L);
|   if (data2 == MAP_FAILED)
|     return 6;
|   for (i = 0; i < pagesize; ++i)
|     if (*(data2 + i))
|       return 7;
|   close (fd2);
|   if (munmap (data2, pagesize))
|     return 8;
| 
|   /* Next, try to mmap the file at a fixed address which already has
|      something else allocated at it.  If we can, also make sure that
|      we see the same garbage.  */
|   fd = open ("conftest.mmap", O_RDWR);
|   if (fd < 0)
|     return 9;
|   if (data2 != mmap (data2, pagesize, PROT_READ | PROT_WRITE,
| 		     MAP_PRIVATE | MAP_FIXED, fd, 0L))
|     return 10;
|   for (i = 0; i < pagesize; ++i)
|     if (*(data + i) != *(data2 + i))
|       return 11;
| 
|   /* Finally, make sure that changes to the mapped area do not
|      percolate back to the file as seen by read().  (This is a bug on
|      some variants of i386 svr4.0.)  */
|   for (i = 0; i < pagesize; ++i)
|     *(data2 + i) = *(data2 + i) + 1;
|   data3 = (char *) malloc (pagesize);
|   if (!data3)
|     return 12;
|   if (read (fd, data3, pagesize) != pagesize)
|     return 13;
|   for (i = 0; i < pagesize; ++i)
|     if (*(data + i) != *(data3 + i))
|       return 14;
|   close (fd);
|   return 0;
| }
configure:17771: result: no
configure:17782: checking for getenv
configure:17782: gcc -o conftest -g -O2   conftest.c  >&5
configure:17782: $? = 0
configure:17782: result: yes
configure:17793: checking for opendir
configure:17793: gcc -o conftest -g -O2   conftest.c  >&5
configure:17793: $? = 0
configure:17793: result: yes
configure:17804: checking for snprintf
configure:17804: gcc -o conftest -g -O2   conftest.c  >&5
conftest.c:73:6: warning: conflicting types for built-in function 'snprintf' [-Wbuiltin-declaration-mismatch]
 char snprintf ();
      ^~~~~~~~
configure:17804: $? = 0
configure:17804: result: yes
configure:17880: result: using /usr/bin/mecab-config for mecab-config
configure:17941: checking whether iconv supports EUC-JP-MS and CP932
configure:17953: checking for main in -lstdc++
configure:17972: g++ -o conftest -O3 -Wno-deprecated -Wall   conftest.cpp -lstdc++   -L/usr/lib/x86_64-linux-gnu -lmecab -lstdc++ >&5
configure:17972: $? = 0
configure:17981: result: yes
configure:17987: checking for crfpp_new in -lcrfpp
configure:18012: g++ -o conftest -O3 -Wno-deprecated -Wall   conftest.cpp -lcrfpp   -L/usr/lib/x86_64-linux-gnu -lmecab -lstdc++ >&5
configure:18012: $? = 0
configure:18021: result: yes
configure:18027: checking for mecab_new in -lmecab
configure:18052: g++ -o conftest -O3 -Wno-deprecated -Wall   conftest.cpp -lmecab   -L/usr/lib/x86_64-linux-gnu -lmecab -lstdc++ >&5
configure:18052: $? = 0
configure:18061: result: yes
configure:18075: checking if g++ supports stl <vector> (required)
configure:18092: g++ -c -O3 -Wno-deprecated -Wall  conftest.cpp >&5
configure:18092: $? = 0
configure:18104: result: yes
configure:18108: checking if g++ supports stl <list> (required)
configure:18125: g++ -c -O3 -Wno-deprecated -Wall  conftest.cpp >&5
configure:18125: $? = 0
configure:18137: result: yes
configure:18141: checking if g++ supports stl <map> (required)
configure:18158: g++ -c -O3 -Wno-deprecated -Wall  conftest.cpp >&5
configure:18158: $? = 0
configure:18170: result: yes
configure:18174: checking if g++ supports stl <set> (required)
configure:18191: g++ -c -O3 -Wno-deprecated -Wall  conftest.cpp >&5
configure:18191: $? = 0
configure:18203: result: yes
configure:18207: checking if g++ supports stl <queue> (required)
configure:18224: g++ -c -O3 -Wno-deprecated -Wall  conftest.cpp >&5
configure:18224: $? = 0
configure:18236: result: yes
configure:18240: checking if g++ supports stl <functional> (required)
configure:18257: g++ -c -O3 -Wno-deprecated -Wall  conftest.cpp >&5
configure:18257: $? = 0
configure:18269: result: yes
configure:18273: checking if g++ supports stl <algorithm> (required)
configure:18290: g++ -c -O3 -Wno-deprecated -Wall  conftest.cpp >&5
configure:18290: $? = 0
configure:18302: result: yes
configure:18306: checking if g++ supports stl <string> (required)
configure:18323: g++ -c -O3 -Wno-deprecated -Wall  conftest.cpp >&5
configure:18323: $? = 0
configure:18335: result: yes
configure:18339: checking if g++ supports stl <iostream> (required)
configure:18356: g++ -c -O3 -Wno-deprecated -Wall  conftest.cpp >&5
configure:18356: $? = 0
configure:18368: result: yes
configure:18372: checking if g++ supports stl <strstream> (required)
configure:18389: g++ -c -O3 -Wno-deprecated -Wall  conftest.cpp >&5
configure:18389: $? = 0
configure:18401: result: yes
configure:18405: checking if g++ supports stl <fstream> (required)
configure:18422: g++ -c -O3 -Wno-deprecated -Wall  conftest.cpp >&5
configure:18422: $? = 0
configure:18434: result: yes
configure:18439: checking if g++ supports template <class T> (required)
configure:18458: g++ -c -O3 -Wno-deprecated -Wall  conftest.cpp >&5
configure:18458: $? = 0
configure:18470: result: yes
configure:18474: checking if g++ supports const_cast<> (required)
configure:18492: g++ -c -O3 -Wno-deprecated -Wall  conftest.cpp >&5
conftest.cpp: In function 'int main()':
conftest.cpp:61:9: warning: unused variable 'c1' [-Wunused-variable]
    foo *c1=const_cast<foo*>(c);
         ^~
configure:18492: $? = 0
configure:18504: result: yes
configure:18508: checking if g++ supports static_cast<> (required)
configure:18526: g++ -c -O3 -Wno-deprecated -Wall  conftest.cpp >&5
conftest.cpp: In function 'int main()':
conftest.cpp:61:10: warning: unused variable 'c1' [-Wunused-variable]
    void *c1 = static_cast<void *>(c);
          ^~
configure:18526: $? = 0
configure:18538: result: yes
configure:18542: checking if g++ supports dynamic_cast<> (required)
configure:18561: g++ -c -O3 -Wno-deprecated -Wall  conftest.cpp >&5
conftest.cpp: In function 'int main()':
conftest.cpp:62:9: warning: unused variable 'c1' [-Wunused-variable]
    foo *c1 = dynamic_cast<foo *>(c);
         ^~
configure:18561: $? = 0
configure:18573: result: yes
configure:18577: checking if g++ supports reinterpret_cast<> (required)
configure:18594: g++ -c -O3 -Wno-deprecated -Wall  conftest.cpp >&5
conftest.cpp: In function 'int main()':
conftest.cpp:60:10: warning: unused variable 'p' [-Wunused-variable]
    char *p = reinterpret_cast<char *>(a);
          ^
configure:18594: $? = 0
configure:18606: result: yes
configure:18610: checking if g++ supports exception handler (required)
configure:18633: g++ -c -O3 -Wno-deprecated -Wall  conftest.cpp >&5
conftest.cpp: In function 'int main()':
conftest.cpp:61:11: warning: unused variable 'i' [-Wunused-variable]
       int i = 0;
           ^
configure:18633: $? = 0
configure:18645: result: yes
configure:18649: checking if g++ supports namespaces (required) 
configure:18667: g++ -c -O3 -Wno-deprecated -Wall  conftest.cpp >&5
conftest.cpp: In function 'int main()':
conftest.cpp:61:3: warning: unused variable 'a' [-Wunused-variable]
 A a;
   ^
configure:18667: $? = 0
configure:18678: result: yes
configure:18682: checking if g++ supports __thread (optional)
configure:18699: g++ -c -O3 -Wno-deprecated -Wall  conftest.cpp >&5
configure:18699: $? = 0
configure:18709: result: yes
configure:18722: checking if g++ environment provides all required features
configure:18730: result: yes
configure:18866: checking that generated files are newer than configure
configure:18872: result: done
configure:18904: creating ./config.status

## ---------------------- ##
## Running config.status. ##
## ---------------------- ##

This file was extended by config.status, which was
generated by GNU Autoconf 2.69.  Invocation command line was

  CONFIG_FILES    = 
  CONFIG_HEADERS  = 
  CONFIG_LINKS    = 
  CONFIG_COMMANDS = 
  $ ./config.status 

on ubuntu-bionic

config.status:1202: creating Makefile
config.status:1202: creating src/Makefile
config.status:1202: creating src/Makefile.msvc
config.status:1202: creating model/Makefile
config.status:1202: creating man/Makefile
config.status:1202: creating swig/version.h
config.status:1202: creating cabocha-config
config.status:1202: creating cabocharc
config.status:1202: creating cabocha.iss
config.status:1202: creating config.h
config.status:1431: executing depfiles commands
config.status:1431: executing libtool commands
config.status:1431: executing default commands

## ---------------- ##
## Cache variables. ##
## ---------------- ##

ac_cv_build=x86_64-unknown-linux-gnu
ac_cv_c_bigendian=no
ac_cv_c_compiler_gnu=yes
ac_cv_c_const=yes
ac_cv_cxx_compiler_gnu=yes
ac_cv_env_CCC_set=
ac_cv_env_CCC_value=
ac_cv_env_CC_set=
ac_cv_env_CC_value=
ac_cv_env_CFLAGS_set=
ac_cv_env_CFLAGS_value=
ac_cv_env_CPPFLAGS_set=
ac_cv_env_CPPFLAGS_value=
ac_cv_env_CPP_set=
ac_cv_env_CPP_value=
ac_cv_env_CXXCPP_set=
ac_cv_env_CXXCPP_value=
ac_cv_env_CXXFLAGS_set=
ac_cv_env_CXXFLAGS_value=
ac_cv_env_CXX_set=
ac_cv_env_CXX_value=
ac_cv_env_LDFLAGS_set=
ac_cv_env_LDFLAGS_value=
ac_cv_env_LIBS_set=
ac_cv_env_LIBS_value=
ac_cv_env_build_alias_set=
ac_cv_env_build_alias_value=
ac_cv_env_host_alias_set=
ac_cv_env_host_alias_value=
ac_cv_env_target_alias_set=
ac_cv_env_target_alias_value=
ac_cv_func_getenv=yes
ac_cv_func_getpagesize=yes
ac_cv_func_mmap_fixed_mapped=no
ac_cv_func_opendir=yes
ac_cv_func_snprintf=yes
ac_cv_header_ctype_h=yes
ac_cv_header_dirent_h=yes
ac_cv_header_dlfcn_h=yes
ac_cv_header_fcntl_h=yes
ac_cv_header_inttypes_h=yes
ac_cv_header_io_h=no
ac_cv_header_memory_h=yes
ac_cv_header_pthread_h=yes
ac_cv_header_stdc=yes
ac_cv_header_stdint_h=yes
ac_cv_header_stdlib_h=yes
ac_cv_header_string_h=yes
ac_cv_header_strings_h=yes
ac_cv_header_sys_mman_h=yes
ac_cv_header_sys_param_h=yes
ac_cv_header_sys_stat_h=yes
ac_cv_header_sys_times_h=yes
ac_cv_header_sys_types_h=yes
ac_cv_header_unistd_h=yes
ac_cv_header_windows_h=no
ac_cv_host=x86_64-unknown-linux-gnu
ac_cv_lib_crfpp_crfpp_new=yes
ac_cv_lib_mecab_mecab_new=yes
ac_cv_lib_stdcpp_main=yes
ac_cv_objext=o
ac_cv_path_EGREP='/bin/grep -E'
ac_cv_path_FGREP='/bin/grep -F'
ac_cv_path_GREP=/bin/grep
ac_cv_path_SED=/bin/sed
ac_cv_path_install='/usr/bin/install -c'
ac_cv_path_mkdir=/bin/mkdir
ac_cv_prog_AWK=gawk
ac_cv_prog_CPP='gcc -E'
ac_cv_prog_CXXCPP='g++ -E'
ac_cv_prog_ac_ct_AR=ar
ac_cv_prog_ac_ct_CC=gcc
ac_cv_prog_ac_ct_CXX=g++
ac_cv_prog_ac_ct_DLLTOOL=dlltool
ac_cv_prog_ac_ct_MANIFEST_TOOL=mt
ac_cv_prog_ac_ct_OBJDUMP=objdump
ac_cv_prog_ac_ct_RANLIB=ranlib
ac_cv_prog_ac_ct_STRIP=strip
ac_cv_prog_cc_c89=
ac_cv_prog_cc_g=yes
ac_cv_prog_cxx_g=yes
ac_cv_prog_gcc_traditional=no
ac_cv_prog_make_make_set=yes
ac_cv_search_strerror='none required'
ac_cv_sizeof_char=1
ac_cv_sizeof_int=4
ac_cv_sizeof_long=8
ac_cv_sizeof_long_long=8
ac_cv_sizeof_short=2
ac_cv_sizeof_size_t=8
ac_cv_type_off_t=yes
ac_cv_type_size_t=yes
acl_cv_hardcode_direct=no
acl_cv_hardcode_libdir_flag_spec='${wl}-rpath ${wl}$libdir'
acl_cv_hardcode_libdir_separator=
acl_cv_hardcode_minus_L=no
acl_cv_libext=a
acl_cv_path_LD='/usr/bin/ld -m elf_x86_64'
acl_cv_prog_gnu_ld=yes
acl_cv_rpath=done
acl_cv_shlibext=so
acl_cv_wl=-Wl,
am_cv_CC_dependencies_compiler_type=none
am_cv_CXX_dependencies_compiler_type=none
am_cv_func_iconv=yes
am_cv_func_iconv_works=yes
am_cv_lib_iconv=no
am_cv_make_support_nested_variables=yes
am_cv_prog_cc_c_o=yes
am_cv_proto_iconv='extern size_t iconv (iconv_t cd, char * *inbuf, size_t *inbytesleft, char * *outbuf, size_t *outbytesleft);'
am_cv_proto_iconv_arg1=
lt_cv_ar_at_file=@
lt_cv_archive_cmds_need_lc=no
lt_cv_deplibs_check_method=pass_all
lt_cv_file_magic_cmd='$MAGIC_CMD'
lt_cv_file_magic_test_file=
lt_cv_ld_reload_flag=-r
lt_cv_nm_interface='BSD nm'
lt_cv_objdir=.libs
lt_cv_path_LD=/usr/bin/ld
lt_cv_path_LDCXX='/usr/bin/ld -m elf_x86_64'
lt_cv_path_NM='/usr/bin/nm -B'
lt_cv_path_mainfest_tool=no
lt_cv_prog_compiler_c_o=yes
lt_cv_prog_compiler_c_o_CXX=yes
lt_cv_prog_compiler_pic='-fPIC -DPIC'
lt_cv_prog_compiler_pic_CXX='-fPIC -DPIC'
lt_cv_prog_compiler_pic_works=yes
lt_cv_prog_compiler_pic_works_CXX=yes
lt_cv_prog_compiler_rtti_exceptions=no
lt_cv_prog_compiler_static_works=yes
lt_cv_prog_compiler_static_works_CXX=yes
lt_cv_prog_gnu_ld=yes
lt_cv_prog_gnu_ldcxx=yes
lt_cv_sharedlib_from_linklib_cmd='printf %s\n'
lt_cv_shlibpath_overrides_runpath=yes
lt_cv_sys_global_symbol_pipe='sed -n -e '\''s/^.*[	 ]\([ABCDGIRSTW][ABCDGIRSTW]*\)[	 ][	 ]*\([_A-Za-z][_A-Za-z0-9]*\)$/\1 \2 \2/p'\'' | sed '\''/ __gnu_lto/d'\'''
lt_cv_sys_global_symbol_to_c_name_address='sed -n -e '\''s/^: \([^ ]*\)[ ]*$/  {\"\1\", (void *) 0},/p'\'' -e '\''s/^[ABCDGIRSTW]* \([^ ]*\) \([^ ]*\)$/  {"\2", (void *) \&\2},/p'\'''
lt_cv_sys_global_symbol_to_c_name_address_lib_prefix='sed -n -e '\''s/^: \([^ ]*\)[ ]*$/  {\"\1\", (void *) 0},/p'\'' -e '\''s/^[ABCDGIRSTW]* \([^ ]*\) \(lib[^ ]*\)$/  {"\2", (void *) \&\2},/p'\'' -e '\''s/^[ABCDGIRSTW]* \([^ ]*\) \([^ ]*\)$/  {"lib\2", (void *) \&\2},/p'\'''
lt_cv_sys_global_symbol_to_cdecl='sed -n -e '\''s/^T .* \(.*\)$/extern int \1();/p'\'' -e '\''s/^[ABCDGIRSTW]* .* \(.*\)$/extern char \1;/p'\'''
lt_cv_sys_max_cmd_len=1572864
lt_cv_to_host_file_cmd=func_convert_file_noop
lt_cv_to_tool_file_cmd=func_convert_file_noop

## ----------------- ##
## Output variables. ##
## ----------------- ##

ACLOCAL='${SHELL} /vagrant/morph/cabocha-0.69/missing aclocal-1.14'
AMDEPBACKSLASH='\'
AMDEP_FALSE='#'
AMDEP_TRUE=''
AMTAR='$${TAR-tar}'
AM_BACKSLASH='\'
AM_DEFAULT_V='$(AM_DEFAULT_VERBOSITY)'
AM_DEFAULT_VERBOSITY='1'
AM_V='$(V)'
AR='ar'
AS='as'
AUTOCONF='${SHELL} /vagrant/morph/cabocha-0.69/missing autoconf'
AUTOHEADER='${SHELL} /vagrant/morph/cabocha-0.69/missing autoheader'
AUTOMAKE='${SHELL} /vagrant/morph/cabocha-0.69/missing automake-1.14'
AWK='gawk'
CABOCHA_DEFAULT_RC='${prefix}/etc/cabocharc'
CABOCHA_LIBS='-lcrfpp -lmecab  -L/usr/lib/x86_64-linux-gnu -lmecab -lstdc++ '
CABOCHA_MODEL_LIST='chunk.ipa.model chunk.juman.model chunk.unidic.model dep.ipa.model dep.juman.model dep.unidic.model ne.ipa.model ne.juman.model ne.unidic.model'
CABOCHA_TXTMODEL_LIST='chunk.ipa.txt chunk.juman.txt chunk.unidic.txt dep.ipa.txt dep.juman.txt dep.unidic.txt ne.ipa.txt ne.juman.txt ne.unidic.txt'
CABOCHA_USE_UTF8_ONLY=''
CC='gcc'
CCDEPMODE='depmode=none'
CFLAGS='-O3  -Wno-deprecated -Wall'
CHARSET='utf8'
CPP='gcc -E'
CPPFLAGS=''
CXX='g++'
CXXCPP='g++ -E'
CXXDEPMODE='depmode=none'
CXXFLAGS='-O3 -Wno-deprecated -Wall'
CYGPATH_W='echo'
DEFS='-DHAVE_CONFIG_H'
DEPDIR='.deps'
DLLTOOL='dlltool'
DSYMUTIL=''
DUMPBIN=''
ECHO_C=''
ECHO_N='-n'
ECHO_T=''
EGREP='/bin/grep -E'
EXEEXT=''
FGREP='/bin/grep -F'
GREP='/bin/grep'
INSTALL_DATA='${INSTALL} -m 644'
INSTALL_PROGRAM='${INSTALL}'
INSTALL_SCRIPT='${INSTALL}'
INSTALL_STRIP_PROGRAM='$(install_sh) -c -s'
LD='/usr/bin/ld -m elf_x86_64'
LDFLAGS=''
LIBICONV=''
LIBOBJS=''
LIBS='-lcrfpp -lmecab  -L/usr/lib/x86_64-linux-gnu -lmecab -lstdc++ '
LIBTOOL='$(SHELL) $(top_builddir)/libtool'
LIPO=''
LN_S='ln -s'
LTLIBICONV=''
LTLIBOBJS=''
LTVERSION='5:0:0'
MAINT='#'
MAINTAINER_MODE_FALSE=''
MAINTAINER_MODE_TRUE='#'
MAKEINFO='${SHELL} /vagrant/morph/cabocha-0.69/missing makeinfo'
MANIFEST_TOOL=':'
MECAB_CFLAGS=''
MECAB_CONFIG='/usr/bin/mecab-config'
MKDIR_P='/bin/mkdir -p'
MODEL_VERSION='102'
NM='/usr/bin/nm -B'
NMEDIT=''
OBJDUMP='objdump'
OBJEXT='o'
OTOOL64=''
OTOOL=''
PACKAGE='cabocha'
PACKAGE_BUGREPORT=''
PACKAGE_NAME=''
PACKAGE_STRING=''
PACKAGE_TARNAME=''
PACKAGE_URL=''
PACKAGE_VERSION=''
PATH_SEPARATOR=':'
POSSET2='ipa'
POSSET='IPA'
RANLIB='ranlib'
SED='/bin/sed'
SET_MAKE=''
SHELL='/bin/bash'
STRIP='strip'
VERSION='0.69'
ac_ct_AR='ar'
ac_ct_CC='gcc'
ac_ct_CXX='g++'
ac_ct_DUMPBIN=''
am__EXEEXT_FALSE=''
am__EXEEXT_TRUE='#'
am__fastdepCC_FALSE=''
am__fastdepCC_TRUE='#'
am__fastdepCXX_FALSE=''
am__fastdepCXX_TRUE='#'
am__include='include'
am__isrc=''
am__leading_dot='.'
am__nodep='_no'
am__quote=''
am__tar='$${TAR-tar} chof - "$$tardir"'
am__untar='$${TAR-tar} xf -'
bindir='${exec_prefix}/bin'
build='x86_64-unknown-linux-gnu'
build_alias=''
build_cpu='x86_64'
build_os='linux-gnu'
build_vendor='unknown'
datadir='${datarootdir}'
datarootdir='${prefix}/share'
docdir='${datarootdir}/doc/${PACKAGE}'
dvidir='${docdir}'
exec_prefix='${prefix}'
host='x86_64-unknown-linux-gnu'
host_alias=''
host_cpu='x86_64'
host_os='linux-gnu'
host_vendor='unknown'
htmldir='${docdir}'
includedir='${prefix}/include'
infodir='${datarootdir}/info'
install_sh='${SHELL} /vagrant/morph/cabocha-0.69/install-sh'
libdir='${exec_prefix}/lib'
libexecdir='${exec_prefix}/libexec'
localedir='${datarootdir}/locale'
localstatedir='${prefix}/var'
mandir='${datarootdir}/man'
mkdir_p='$(MKDIR_P)'
oldincludedir='/usr/include'
pdfdir='${docdir}'
prefix='/usr/local'
program_transform_name='s,x,x,'
psdir='${docdir}'
sbindir='${exec_prefix}/sbin'
sharedstatedir='${prefix}/com'
sysconfdir='${prefix}/etc'
target_alias=''

## ----------- ##
## confdefs.h. ##
## ----------- ##

/* confdefs.h */
#define PACKAGE_NAME ""
#define PACKAGE_TARNAME ""
#define PACKAGE_VERSION ""
#define PACKAGE_STRING ""
#define PACKAGE_BUGREPORT ""
#define PACKAGE_URL ""
#define PACKAGE "cabocha"
#define VERSION "0.69"
#define STDC_HEADERS 1
#define HAVE_SYS_TYPES_H 1
#define HAVE_SYS_STAT_H 1
#define HAVE_STDLIB_H 1
#define HAVE_STRING_H 1
#define HAVE_MEMORY_H 1
#define HAVE_STRINGS_H 1
#define HAVE_INTTYPES_H 1
#define HAVE_STDINT_H 1
#define HAVE_UNISTD_H 1
#define HAVE_DLFCN_H 1
#define LT_OBJDIR ".libs/"
#define HAVE_ICONV 1
#define ICONV_CONST 
#define STDC_HEADERS 1
#define HAVE_STRING_H 1
#define HAVE_STDLIB_H 1
#define HAVE_UNISTD_H 1
#define HAVE_FCNTL_H 1
#define HAVE_SYS_STAT_H 1
#define HAVE_SYS_MMAN_H 1
#define HAVE_SYS_TIMES_H 1
#define HAVE_SYS_TYPES_H 1
#define HAVE_DIRENT_H 1
#define HAVE_CTYPE_H 1
#define HAVE_SYS_TYPES_H 1
#define HAVE_PTHREAD_H 1
#define SIZEOF_CHAR 1
#define SIZEOF_SHORT 2
#define SIZEOF_INT 4
#define SIZEOF_LONG 8
#define SIZEOF_LONG_LONG 8
#define SIZEOF_SIZE_T 8
#define HAVE_STDLIB_H 1
#define HAVE_UNISTD_H 1
#define HAVE_SYS_PARAM_H 1
#define HAVE_GETPAGESIZE 1
#define HAVE_GETENV 1
#define HAVE_OPENDIR 1
#define HAVE_SNPRINTF 1
#define HAVE_ICONV_EUC_JP_MS 1
#define HAVE_ICONV_CP932 1
#define HAVE_TLS_KEYWORD 1

configure: exit 0
